
################################################################################
#
# This file has been generated by SpyGlass:
#     Report Name      : moresimple
#     Report Created by: u111011201
#     Report Created on:  Sun Mar  9 18:40:39 2025
#     Working Directory: /home/course/u111011201/SoCLab/Lab3/spyglass
#     SpyGlass Version : SpyGlass_vR-2020.12-SP2
#     Policy Name      : SpyGlass(SpyGlass_vR-2020.12-SP2)
#                        clock-reset(SpyGlass_vR-2020.12-SP2)
#                        erc(SpyGlass_vR-2020.12-SP2)
#                        latch(SpyGlass_vR-2020.12-SP2)
#                        lint(SpyGlass_vR-2020.12-SP2)
#                        morelint(SpyGlass_vR-2020.12-SP2)
#                        openmore(SpyGlass_vR-2020.12-SP2)
#                        power_est(SpyGlass_vR-2020.12-SP2)
#                        simulation(SpyGlass_vR-2020.12-SP2)
#                        starc(SpyGlass_vR-2020.12-SP2)
#                        starc2005(SpyGlass_vR-2020.12-SP2)
#                        txv(SpyGlass_vR-2020.12-SP2)
#
#     Total Number of Generated Messages :          2
#     Number of Waived Messages          :          0
#     Number of Reported Messages        :          2
#     Number of Overlimit Messages       :          0
#
#
################################################################################

+++++++++++++++++++++++++++++++++++++++++++++++++++++++++++++++++++++++
MORESIMPLE REPORT:


############### BuiltIn -> RuleGroup=Design Read ###############
+++++++++++++++++++++++++++++++++++++++++++++++++++++++++++++++++++++++++++++++++++++++
ID       Rule                    Alias                   Severity    File                                                                     Line    Wt    Message
======================================================================================
[1]      DetectTopDesignUnits    DetectTopDesignUnits    Info        ./../hdl/fir.v                                                           1       2     Module fir is a top level design unit
[0]      ElabSummary             ElabSummary             Info        ./spyglass-1/lint/lint_rtl/spyglass_reports/SpyGlass/elab_summary.rpt    0       2     Please refer file './spyglass-1/lint/lint_rtl/spyglass_reports/SpyGlass/elab_summary.rpt' for elab summary report
+++++++++++++++++++++++++++++++++++++++++++++++++++++++++++++++++++++++++++++++++++++++
